<?xml version="1.0" encoding="UTF-8"?>
<testsuite xmlns:xsi="http://www.w3.org/2001/XMLSchema-instance" xsi:noNamespaceSchemaLocation="https://maven.apache.org/surefire/maven-surefire-plugin/xsd/surefire-test-report-3.0.xsd" version="3.0" name="pe.edu.upc.avi_aplicaction.AviAplicactionApplicationTests" time="38.471" tests="1" errors="0" skipped="0" failures="0">
  <properties>
[...]
</properties>
  <testcase name="contextLoads" classname="pe.edu.upc.avi_aplicaction.AviAplicactionApplicationTests" time="1.248">
    <system-out><![CDATA[22:45:43.666 [main] INFO org.springframework.test.context.support.AnnotationConfigContextLoaderUtils -- Could not detect default configuration classes for test class [pe.edu.upc.avi_aplicaction.AviAplicactionApplicationTests]: AviAplicactionApplicationTests does not declare any static, non-private, non-final, nested classes annotated with @Configuration.
22:45:43.950 [main] INFO org.springframework.boot.test.context.SpringBootTestContextBootstrapper -- Found @SpringBootConfiguration pe.edu.upc.avi_aplicaction.AviAplicactionApplication for test class pe.edu.upc.avi_aplicaction.AviAplicactionApplicationTests
22:45:44.207 [main] INFO org.springframework.boot.devtools.restart.RestartApplicationListener -- Restart disabled due to context in which it is running

  .   ____          _            __ _ _
 /\\ / ___'_ __ _ _(_)_ __  __ _ \ \ \ \
( ( )\___ | '_ | '_| | '_ \/ _` | \ \ \ \
 \\/  ___)| |_)| | | | | || (_| |  ) ) ) )
  '  |____| .__|_| |_|_| |_\__, | / / / /
 =========|_|==============|___/=/_/_/_/

 :: Spring Boot ::                (v3.3.3)

2024-09-20T22:45:44.709-06:00  INFO 9428 --- [AVI_Aplicaction] [           main] p.e.u.a.AviAplicactionApplicationTests   : Starting AviAplicactionApplicationTests using Java 22.0.2 with PID 9428 (started by Karawuita in C:\Users\Karawuita\Desktop\UPC\AAW-Grupo6)
2024-09-20T22:45:44.711-06:00  INFO 9428 --- [AVI_Aplicaction] [           main] p.e.u.a.AviAplicactionApplicationTests   : No active profile set, falling back to 1 default profile: "default"
2024-09-20T22:45:45.957-06:00  INFO 9428 --- [AVI_Aplicaction] [           main] .s.d.r.c.RepositoryConfigurationDelegate : Bootstrapping Spring Data JPA repositories in DEFAULT mode.
2024-09-20T22:45:46.058-06:00  INFO 9428 --- [AVI_Aplicaction] [           main] .s.d.r.c.RepositoryConfigurationDelegate : Finished Spring Data repository scanning in 95 ms. Found 8 JPA repository interfaces.
2024-09-20T22:45:46.865-06:00  INFO 9428 --- [AVI_Aplicaction] [           main] o.hibernate.jpa.internal.util.LogHelper  : HHH000204: Processing PersistenceUnitInfo [name: default]
2024-09-20T22:45:46.954-06:00  INFO 9428 --- [AVI_Aplicaction] [           main] org.hibernate.Version                    : HHH000412: Hibernate ORM core version 6.5.2.Final
2024-09-20T22:45:47.012-06:00  INFO 9428 --- [AVI_Aplicaction] [           main] o.h.c.internal.RegionFactoryInitiator    : HHH000026: Second-level cache disabled
2024-09-20T22:45:47.625-06:00  INFO 9428 --- [AVI_Aplicaction] [           main] o.s.o.j.p.SpringPersistenceUnitInfo      : No LoadTimeWeaver setup: ignoring JPA class transformer
2024-09-20T22:45:47.661-06:00  INFO 9428 --- [AVI_Aplicaction] [           main] com.zaxxer.hikari.HikariDataSource       : HikariPool-1 - Starting...
2024-09-20T22:45:50.648-06:00  INFO 9428 --- [AVI_Aplicaction] [           main] com.zaxxer.hikari.pool.HikariPool        : HikariPool-1 - Added connection org.postgresql.jdbc.PgConnection@42a05533
2024-09-20T22:45:50.652-06:00  INFO 9428 --- [AVI_Aplicaction] [           main] com.zaxxer.hikari.HikariDataSource       : HikariPool-1 - Start completed.
2024-09-20T22:45:51.103-06:00  WARN 9428 --- [AVI_Aplicaction] [           main] org.hibernate.orm.deprecation            : HHH90000025: PostgreSQLDialect does not need to be specified explicitly using 'hibernate.dialect' (remove the property setting and it will be selected by default)
2024-09-20T22:45:54.837-06:00  INFO 9428 --- [AVI_Aplicaction] [           main] o.h.e.t.j.p.i.JtaPlatformInitiator       : HHH000489: No JTA platform available (set 'hibernate.transaction.jta.platform' to enable JTA platform integration)
2024-09-20T22:46:13.464-06:00  INFO 9428 --- [AVI_Aplicaction] [           main] j.LocalContainerEntityManagerFactoryBean : Initialized JPA EntityManagerFactory for persistence unit 'default'
2024-09-20T22:46:14.448-06:00  INFO 9428 --- [AVI_Aplicaction] [           main] o.s.d.j.r.query.QueryEnhancerFactory     : Hibernate is in classpath; If applicable, HQL parser will be used.
2024-09-20T22:46:17.050-06:00  WARN 9428 --- [AVI_Aplicaction] [           main] JpaBaseConfiguration$JpaWebConfiguration : spring.jpa.open-in-view is enabled by default. Therefore, database queries may be performed during view rendering. Explicitly configure spring.jpa.open-in-view to disable this warning
2024-09-20T22:46:17.744-06:00  WARN 9428 --- [AVI_Aplicaction] [           main] r$InitializeUserDetailsManagerConfigurer : Global AuthenticationManager configured with an AuthenticationProvider bean. UserDetailsService beans will not be used for username/password login. Consider removing the AuthenticationProvider bean. Alternatively, consider using the UserDetailsService in a manually instantiated DaoAuthenticationProvider.
2024-09-20T22:46:20.491-06:00  INFO 9428 --- [AVI_Aplicaction] [           main] p.e.u.a.AviAplicactionApplicationTests   : Started AviAplicactionApplicationTests in 36.294 seconds (process running for 38.005)
]]></system-out>
    <system-err><![CDATA[WARNING: A Java agent has been loaded dynamically (C:\Users\Karawuita\.m2\repository\net\bytebuddy\byte-buddy-agent\1.14.19\byte-buddy-agent-1.14.19.jar)
WARNING: If a serviceability tool is in use, please run with -XX:+EnableDynamicAgentLoading to hide this warning
WARNING: If a serviceability tool is not in use, please run with -Djdk.instrument.traceUsage for more information
WARNING: Dynamic loading of agents will be disallowed by default in a future release
]]></system-err>
  </testcase>
</testsuite>