<?xml version="1.0" encoding="UTF-8"?>
<testsuite xmlns:xsi="http://www.w3.org/2001/XMLSchema-instance" xsi:noNamespaceSchemaLocation="https://maven.apache.org/surefire/maven-surefire-plugin/xsd/surefire-test-report-3.0.xsd" version="3.0" name="pe.edu.upc.avi_aplicaction.AviAplicactionApplicationTests" time="18.698" tests="1" errors="0" skipped="0" failures="0">
  <properties>
[...]
</properties>
  <testcase name="contextLoads" classname="pe.edu.upc.avi_aplicaction.AviAplicactionApplicationTests" time="0.483">
    <system-out><![CDATA[08:55:26.496 [main] INFO org.springframework.test.context.support.AnnotationConfigContextLoaderUtils -- Could not detect default configuration classes for test class [pe.edu.upc.avi_aplicaction.AviAplicactionApplicationTests]: AviAplicactionApplicationTests does not declare any static, non-private, non-final, nested classes annotated with @Configuration.
08:55:26.620 [main] INFO org.springframework.boot.test.context.SpringBootTestContextBootstrapper -- Found @SpringBootConfiguration pe.edu.upc.avi_aplicaction.AviAplicactionApplication for test class pe.edu.upc.avi_aplicaction.AviAplicactionApplicationTests
08:55:26.834 [main] INFO org.springframework.boot.devtools.restart.RestartApplicationListener -- Restart disabled due to context in which it is running

  .   ____          _            __ _ _
 /\\ / ___'_ __ _ _(_)_ __  __ _ \ \ \ \
( ( )\___ | '_ | '_| | '_ \/ _` | \ \ \ \
 \\/  ___)| |_)| | | | | || (_| |  ) ) ) )
  '  |____| .__|_| |_|_| |_\__, | / / / /
 =========|_|==============|___/=/_/_/_/

 :: Spring Boot ::                (v3.3.3)

2024-09-26T08:55:27.223-06:00  INFO 12652 --- [AVI_Aplicaction] [           main] p.e.u.a.AviAplicactionApplicationTests   : Starting AviAplicactionApplicationTests using Java 22.0.2 with PID 12652 (started by ebet4 in C:\Users\ebet4\OneDrive\Escritorio\ProyectosUPC\GitHub\AAW-Grupo6)
2024-09-26T08:55:27.224-06:00  INFO 12652 --- [AVI_Aplicaction] [           main] p.e.u.a.AviAplicactionApplicationTests   : No active profile set, falling back to 1 default profile: "default"
2024-09-26T08:55:28.299-06:00  INFO 12652 --- [AVI_Aplicaction] [           main] .s.d.r.c.RepositoryConfigurationDelegate : Bootstrapping Spring Data JPA repositories in DEFAULT mode.
2024-09-26T08:55:28.360-06:00  INFO 12652 --- [AVI_Aplicaction] [           main] .s.d.r.c.RepositoryConfigurationDelegate : Finished Spring Data repository scanning in 55 ms. Found 8 JPA repository interfaces.
2024-09-26T08:55:28.975-06:00  INFO 12652 --- [AVI_Aplicaction] [           main] o.hibernate.jpa.internal.util.LogHelper  : HHH000204: Processing PersistenceUnitInfo [name: default]
2024-09-26T08:55:29.040-06:00  INFO 12652 --- [AVI_Aplicaction] [           main] org.hibernate.Version                    : HHH000412: Hibernate ORM core version 6.5.2.Final
2024-09-26T08:55:29.071-06:00  INFO 12652 --- [AVI_Aplicaction] [           main] o.h.c.internal.RegionFactoryInitiator    : HHH000026: Second-level cache disabled
2024-09-26T08:55:29.425-06:00  INFO 12652 --- [AVI_Aplicaction] [           main] o.s.o.j.p.SpringPersistenceUnitInfo      : No LoadTimeWeaver setup: ignoring JPA class transformer
2024-09-26T08:55:29.454-06:00  INFO 12652 --- [AVI_Aplicaction] [           main] com.zaxxer.hikari.HikariDataSource       : HikariPool-1 - Starting...
2024-09-26T08:55:32.038-06:00  INFO 12652 --- [AVI_Aplicaction] [           main] com.zaxxer.hikari.pool.HikariPool        : HikariPool-1 - Added connection org.postgresql.jdbc.PgConnection@436a563f
2024-09-26T08:55:32.040-06:00  INFO 12652 --- [AVI_Aplicaction] [           main] com.zaxxer.hikari.HikariDataSource       : HikariPool-1 - Start completed.
2024-09-26T08:55:34.040-06:00  INFO 12652 --- [AVI_Aplicaction] [           main] o.h.e.t.j.p.i.JtaPlatformInitiator       : HHH000489: No JTA platform available (set 'hibernate.transaction.jta.platform' to enable JTA platform integration)
2024-09-26T08:55:42.277-06:00  INFO 12652 --- [AVI_Aplicaction] [           main] j.LocalContainerEntityManagerFactoryBean : Initialized JPA EntityManagerFactory for persistence unit 'default'
2024-09-26T08:55:42.605-06:00  INFO 12652 --- [AVI_Aplicaction] [           main] o.s.d.j.r.query.QueryEnhancerFactory     : Hibernate is in classpath; If applicable, HQL parser will be used.
2024-09-26T08:55:43.436-06:00  WARN 12652 --- [AVI_Aplicaction] [           main] JpaBaseConfiguration$JpaWebConfiguration : spring.jpa.open-in-view is enabled by default. Therefore, database queries may be performed during view rendering. Explicitly configure spring.jpa.open-in-view to disable this warning
2024-09-26T08:55:43.671-06:00  WARN 12652 --- [AVI_Aplicaction] [           main] r$InitializeUserDetailsManagerConfigurer : Global AuthenticationManager configured with an AuthenticationProvider bean. UserDetailsService beans will not be used for username/password login. Consider removing the AuthenticationProvider bean. Alternatively, consider using the UserDetailsService in a manually instantiated DaoAuthenticationProvider.
2024-09-26T08:55:44.523-06:00  INFO 12652 --- [AVI_Aplicaction] [           main] p.e.u.a.AviAplicactionApplicationTests   : Started AviAplicactionApplicationTests in 17.706 seconds (process running for 18.677)
]]></system-out>
    <system-err><![CDATA[WARNING: A Java agent has been loaded dynamically (C:\Users\ebet4\.m2\repository\net\bytebuddy\byte-buddy-agent\1.14.19\byte-buddy-agent-1.14.19.jar)
WARNING: If a serviceability tool is in use, please run with -XX:+EnableDynamicAgentLoading to hide this warning
WARNING: If a serviceability tool is not in use, please run with -Djdk.instrument.traceUsage for more information
WARNING: Dynamic loading of agents will be disallowed by default in a future release
]]></system-err>
  </testcase>
</testsuite>